[0m[[0minfo[0m] [0m[32mTweetSetSuite:[0m[0m
[0m[[0minfo[0m] [0m[32m- filter: on empty set[0m[0m
[0m[[0minfo[0m] [0m[32m- filter: a on set5[0m[0m
[0m[[0minfo[0m] [0m[32m- filter: 20 on set5[0m[0m
[0m[[0minfo[0m] [0m[31m- filter: 42 on testSet *** FAILED ***[0m[0m
[0m[[0minfo[0m] [0m[31m  1 did not equal 4 (TweetSetSuite.scala:62)[0m[0m
[0m[[0minfo[0m] [0m[31m- union: set4c and set4d *** FAILED ***[0m[0m
[0m[[0minfo[0m] [0m[31m  scala.NotImplementedError: an implementation is missing[0m[0m
[0m[[0minfo[0m] [0m[31m  at scala.Predef$.$qmark$qmark$qmark(Predef.scala:252)[0m[0m
[0m[[0minfo[0m] [0m[31m  at objsets.TweetSet.union(TweetSet.scala:59)[0m[0m
[0m[[0minfo[0m] [0m[31m  at objsets.TweetSetSuite$$anonfun$5$$anon$5.<init>(TweetSetSuite.scala:68)[0m[0m
[0m[[0minfo[0m] [0m[31m  at objsets.TweetSetSuite$$anonfun$5.apply$mcV$sp(TweetSetSuite.scala:67)[0m[0m
[0m[[0minfo[0m] [0m[31m  at objsets.TweetSetSuite$$anonfun$5.apply(TweetSetSuite.scala:67)[0m[0m
[0m[[0minfo[0m] [0m[31m  at objsets.TweetSetSuite$$anonfun$5.apply(TweetSetSuite.scala:67)[0m[0m
[0m[[0minfo[0m] [0m[31m  at org.scalatest.FunSuite$$anon$1.apply(FunSuite.scala:1265)[0m[0m
[0m[[0minfo[0m] [0m[31m  at org.scalatest.Suite$class.withFixture(Suite.scala:1974)[0m[0m
[0m[[0minfo[0m] [0m[31m  at objsets.TweetSetSuite.withFixture(TweetSetSuite.scala:9)[0m[0m
[0m[[0minfo[0m] [0m[31m  at org.scalatest.FunSuite$class.invokeWithFixture$1(FunSuite.scala:1262)[0m[0m
[0m[[0minfo[0m] [0m[31m  ...[0m[0m
[0m[[0minfo[0m] [0m[31m- union: with empty set (1) *** FAILED ***[0m[0m
[0m[[0minfo[0m] [0m[31m  scala.NotImplementedError: an implementation is missing[0m[0m
[0m[[0minfo[0m] [0m[31m  at scala.Predef$.$qmark$qmark$qmark(Predef.scala:252)[0m[0m
[0m[[0minfo[0m] [0m[31m  at objsets.TweetSet.union(TweetSet.scala:59)[0m[0m
[0m[[0minfo[0m] [0m[31m  at objsets.TweetSetSuite$$anonfun$6$$anon$6.<init>(TweetSetSuite.scala:74)[0m[0m
[0m[[0minfo[0m] [0m[31m  at objsets.TweetSetSuite$$anonfun$6.apply$mcV$sp(TweetSetSuite.scala:73)[0m[0m
[0m[[0minfo[0m] [0m[31m  at objsets.TweetSetSuite$$anonfun$6.apply(TweetSetSuite.scala:73)[0m[0m
[0m[[0minfo[0m] [0m[31m  at objsets.TweetSetSuite$$anonfun$6.apply(TweetSetSuite.scala:73)[0m[0m
[0m[[0minfo[0m] [0m[31m  at org.scalatest.FunSuite$$anon$1.apply(FunSuite.scala:1265)[0m[0m
[0m[[0minfo[0m] [0m[31m  at org.scalatest.Suite$class.withFixture(Suite.scala:1974)[0m[0m
[0m[[0minfo[0m] [0m[31m  at objsets.TweetSetSuite.withFixture(TweetSetSuite.scala:9)[0m[0m
[0m[[0minfo[0m] [0m[31m  at org.scalatest.FunSuite$class.invokeWithFixture$1(FunSuite.scala:1262)[0m[0m
[0m[[0minfo[0m] [0m[31m  ...[0m[0m
[0m[[0minfo[0m] [0m[31m- union: with empty set (2) *** FAILED ***[0m[0m
[0m[[0minfo[0m] [0m[31m  scala.NotImplementedError: an implementation is missing[0m[0m
[0m[[0minfo[0m] [0m[31m  at scala.Predef$.$qmark$qmark$qmark(Predef.scala:252)[0m[0m
[0m[[0minfo[0m] [0m[31m  at objsets.TweetSet.union(TweetSet.scala:59)[0m[0m
[0m[[0minfo[0m] [0m[31m  at objsets.TweetSetSuite$$anonfun$7$$anon$7.<init>(TweetSetSuite.scala:80)[0m[0m
[0m[[0minfo[0m] [0m[31m  at objsets.TweetSetSuite$$anonfun$7.apply$mcV$sp(TweetSetSuite.scala:79)[0m[0m
[0m[[0minfo[0m] [0m[31m  at objsets.TweetSetSuite$$anonfun$7.apply(TweetSetSuite.scala:79)[0m[0m
[0m[[0minfo[0m] [0m[31m  at objsets.TweetSetSuite$$anonfun$7.apply(TweetSetSuite.scala:79)[0m[0m
[0m[[0minfo[0m] [0m[31m  at org.scalatest.FunSuite$$anon$1.apply(FunSuite.scala:1265)[0m[0m
[0m[[0minfo[0m] [0m[31m  at org.scalatest.Suite$class.withFixture(Suite.scala:1974)[0m[0m
[0m[[0minfo[0m] [0m[31m  at objsets.TweetSetSuite.withFixture(TweetSetSuite.scala:9)[0m[0m
[0m[[0minfo[0m] [0m[31m  at org.scalatest.FunSuite$class.invokeWithFixture$1(FunSuite.scala:1262)[0m[0m
[0m[[0minfo[0m] [0m[31m  ...[0m[0m
[0m[[0minfo[0m] [0m[31m- descending: set5 *** FAILED ***[0m[0m
[0m[[0minfo[0m] [0m[31m  scala.NotImplementedError: an implementation is missing[0m[0m
[0m[[0minfo[0m] [0m[31m  at scala.Predef$.$qmark$qmark$qmark(Predef.scala:252)[0m[0m
[0m[[0minfo[0m] [0m[31m  at objsets.TweetSet.descendingByRetweet(TweetSet.scala:81)[0m[0m
[0m[[0minfo[0m] [0m[31m  at objsets.TweetSetSuite$$anonfun$8$$anon$8.<init>(TweetSetSuite.scala:86)[0m[0m
[0m[[0minfo[0m] [0m[31m  at objsets.TweetSetSuite$$anonfun$8.apply$mcV$sp(TweetSetSuite.scala:85)[0m[0m
[0m[[0minfo[0m] [0m[31m  at objsets.TweetSetSuite$$anonfun$8.apply(TweetSetSuite.scala:85)[0m[0m
[0m[[0minfo[0m] [0m[31m  at objsets.TweetSetSuite$$anonfun$8.apply(TweetSetSuite.scala:85)[0m[0m
[0m[[0minfo[0m] [0m[31m  at org.scalatest.FunSuite$$anon$1.apply(FunSuite.scala:1265)[0m[0m
[0m[[0minfo[0m] [0m[31m  at org.scalatest.Suite$class.withFixture(Suite.scala:1974)[0m[0m
[0m[[0minfo[0m] [0m[31m  at objsets.TweetSetSuite.withFixture(TweetSetSuite.scala:9)[0m[0m
[0m[[0minfo[0m] [0m[31m  at org.scalatest.FunSuite$class.invokeWithFixture$1(FunSuite.scala:1262)[0m[0m
[0m[[0minfo[0m] [0m[31m  ...[0m[0m
